Driver Info:
	Driver name      : mtk-vcodec-enc
	Card type        : MT8183 video encoder
	Bus info         : platform:17020000.vcodec
	Driver version   : 6.7.0
	Capabilities     : 0x84204000
		Video Memory-to-Memory Multiplanar
		Streaming
		Extended Pix Format
		Device Capabilities
	Device Caps      : 0x04204000
		Video Memory-to-Memory Multiplanar
		Streaming
		Extended Pix Format
Priority: 2
Format Video Capture Multiplanar:
	Width/Height      : 160/128
	Pixel Format      : 'H264' (H.264)
	Field             : None
	Number of planes  : 1
	Flags             : 
	Colorspace        : Rec. 709
	Transfer Function : Default
	YCbCr/HSV Encoding: Default
	Quantization      : Default
	Plane 0           :
	   Bytes per Line : 0
	   Size Image     : 20480
Format Video Output Multiplanar:
	Width/Height      : 160/128
	Pixel Format      : 'NM12' (Y/UV 4:2:0 (N-C))
	Field             : None
	Number of planes  : 2
	Flags             : 
	Colorspace        : Rec. 709
	Transfer Function : Default
	YCbCr/HSV Encoding: Default
	Quantization      : Default
	Plane 0           :
	   Bytes per Line : 160
	   Size Image     : 25600
	Plane 1           :
	   Bytes per Line : 160
	   Size Image     : 12800
Selection Video Output: crop, Left 0, Top 0, Width 160, Height 128, Flags: 
Selection Video Output: crop_default, Left 0, Top 0, Width 160, Height 128, Flags: 
Selection Video Output: crop_bounds, Left 0, Top 0, Width 160, Height 128, Flags: 

User Controls

   min_number_of_output_buffers 0x00980928 (int)    : min=1 max=1 step=1 default=1 value=1 flags=read-only

Codec Controls

                 video_b_frames 0x009909ca (int)    : min=0 max=2 step=1 default=0 value=0 flags=update
                 video_gop_size 0x009909cb (int)    : min=0 max=65535 step=1 default=0 value=0
             video_bitrate_mode 0x009909ce (menu)   : min=0 max=1 default=1 value=1 (Constant Bitrate) flags=update
				1: Constant Bitrate
                  video_bitrate 0x009909cf (int)    : min=64 max=40000000 step=1 default=4000000 value=4000000
frame_level_rate_control_enable 0x009909d7 (bool)   : default=1 value=1
           sequence_header_mode 0x009909d8 (menu)   : min=0 max=1 default=0 value=0 (Separate Buffer)
				0: Separate Buffer
				1: Joined With 1st Frame
     h264_mb_level_rate_control 0x009909da (bool)   : default=0 value=0
                force_key_frame 0x009909e5 (button) : value=0 flags=write-only, execute-on-write
          h264_maximum_qp_value 0x00990a62 (int)    : min=0 max=51 step=1 default=51 value=51
            h264_i_frame_period 0x00990a66 (int)    : min=0 max=65535 step=1 default=0 value=0
                     h264_level 0x00990a67 (menu)   : min=0 max=13 default=11 value=11 (4)
				0: 1
				1: 1b
				2: 1.1
				3: 1.2
				4: 1.3
				5: 2
				6: 2.1
				7: 2.2
				8: 3
				9: 3.1
				10: 3.2
				11: 4
				12: 4.1
				13: 4.2
                   h264_profile 0x00990a6b (menu)   : min=0 max=4 default=4 value=4 (High)
				0: Baseline
				2: Main
				4: High
                    vp8_profile 0x00990aff (menu)   : min=0 max=0 default=0 value=0 (0)
				0: 0
